[1230/120555.384:ERROR:process_memory_win.cc(73)] ReadMemory at 0x240b3ca07f0 of 72 bytes failed: Ukoñczono tylko czêœæ ¿¹dania ReadProcessMemory lub WriteProcessMemory. (0x12B)
[1230/120555.385:WARNING:pe_image_annotations_reader.cc(134)] could not read annotations list object in C:\Program Files (x86)\Google\Chrome\Application\79.0.3945.88\chrome_elf.dll
[1230/120555.386:ERROR:process_memory_win.cc(73)] ReadMemory at 0x240b3b25eb0 of 72 bytes failed: Ukoñczono tylko czêœæ ¿¹dania ReadProcessMemory lub WriteProcessMemory. (0x12B)
[1230/120555.386:WARNING:pe_image_annotations_reader.cc(134)] could not read annotations list object in C:\Program Files (x86)\Google\Chrome\Application\79.0.3945.88\chrome_child.dll
[1230/120555.387:ERROR:process_memory_win.cc(73)] ReadMemory at 0x240b3ae0000 of 64 bytes failed: Ukoñczono tylko czêœæ ¿¹dania ReadProcessMemory lub WriteProcessMemory. (0x12B)
[1230/120555.387:WARNING:pe_image_reader.cc(340)] could not read dos header from C:\Windows\System32\GDI32.dll
[1230/120555.387:ERROR:process_memory_win.cc(73)] ReadMemory at 0x240b3ca07f0 of 72 bytes failed: Ukoñczono tylko czêœæ ¿¹dania ReadProcessMemory lub WriteProcessMemory. (0x12B)
[1230/120555.387:WARNING:pe_image_annotations_reader.cc(134)] could not read annotations list object in C:\Program Files (x86)\Google\Chrome\Application\79.0.3945.88\chrome_elf.dll
[1230/120555.388:ERROR:process_memory_win.cc(73)] ReadMemory at 0x240b3b25eb0 of 72 bytes failed: Ukoñczono tylko czêœæ ¿¹dania ReadProcessMemory lub WriteProcessMemory. (0x12B)
[1230/120555.388:WARNING:pe_image_annotations_reader.cc(134)] could not read annotations list object in C:\Program Files (x86)\Google\Chrome\Application\79.0.3945.88\chrome_child.dll
[1230/120555.388:ERROR:process_memory_win.cc(73)] ReadMemory at 0x240b3ae0000 of 64 bytes failed: Ukoñczono tylko czêœæ ¿¹dania ReadProcessMemory lub WriteProcessMemory. (0x12B)
[1230/120555.388:WARNING:pe_image_reader.cc(340)] could not read dos header from C:\Windows\System32\GDI32.dll
[1230/120555.399:ERROR:process_memory_win.cc(73)] ReadMemory at 0xa992df2000 of 57344 bytes failed: Ukoñczono tylko czêœæ ¿¹dania ReadProcessMemory lub WriteProcessMemory. (0x12B)
[1230/120555.400:ERROR:process_memory_win.cc(73)] ReadMemory at 0xa9935fd000 of 12288 bytes failed: Ukoñczono tylko czêœæ ¿¹dania ReadProcessMemory lub WriteProcessMemory. (0x12B)
[1230/120555.400:ERROR:process_memory_win.cc(73)] ReadMemory at 0xa993df6000 of 40960 bytes failed: Ukoñczono tylko czêœæ ¿¹dania ReadProcessMemory lub WriteProcessMemory. (0x12B)
[1230/120555.400:ERROR:process_memory_win.cc(73)] ReadMemory at 0xa9945fd000 of 12288 bytes failed: Ukoñczono tylko czêœæ ¿¹dania ReadProcessMemory lub WriteProcessMemory. (0x12B)
[1230/120555.400:ERROR:process_memory_win.cc(73)] ReadMemory at 0xa994dfc000 of 16384 bytes failed: Ukoñczono tylko czêœæ ¿¹dania ReadProcessMemory lub WriteProcessMemory. (0x12B)
[1230/120555.401:ERROR:process_memory_win.cc(73)] ReadMemory at 0xa9955fe000 of 8192 bytes failed: Ukoñczono tylko czêœæ ¿¹dania ReadProcessMemory lub WriteProcessMemory. (0x12B)
[1230/120555.401:ERROR:process_memory_win.cc(73)] ReadMemory at 0xa995dfd000 of 12288 bytes failed: Ukoñczono tylko czêœæ ¿¹dania ReadProcessMemory lub WriteProcessMemory. (0x12B)
[1230/120555.401:ERROR:process_memory_win.cc(73)] ReadMemory at 0xa9965fc000 of 16384 bytes failed: Ukoñczono tylko czêœæ ¿¹dania ReadProcessMemory lub WriteProcessMemory. (0x12B)
[1230/120555.401:ERROR:process_memory_win.cc(73)] ReadMemory at 0xa996dfd000 of 12288 bytes failed: Ukoñczono tylko czêœæ ¿¹dania ReadProcessMemory lub WriteProcessMemory. (0x12B)
[1230/120555.401:ERROR:process_memory_win.cc(73)] ReadMemory at 0xa9975fd000 of 12288 bytes failed: Ukoñczono tylko czêœæ ¿¹dania ReadProcessMemory lub WriteProcessMemory. (0x12B)
[1230/120555.401:ERROR:process_memory_win.cc(73)] ReadMemory at 0xa997dfd000 of 12288 bytes failed: Ukoñczono tylko czêœæ ¿¹dania ReadProcessMemory lub WriteProcessMemory. (0x12B)
[1230/120555.402:ERROR:process_memory_win.cc(73)] ReadMemory at 0xa9985fd000 of 12288 bytes failed: Ukoñczono tylko czêœæ ¿¹dania ReadProcessMemory lub WriteProcessMemory. (0x12B)
[1230/120555.402:ERROR:process_memory_win.cc(73)] ReadMemory at 0xa998dfd000 of 12288 bytes failed: Ukoñczono tylko czêœæ ¿¹dania ReadProcessMemory lub WriteProcessMemory. (0x12B)
[1230/120555.402:ERROR:process_memory_win.cc(73)] ReadMemory at 0xa9995f6000 of 40960 bytes failed: Ukoñczono tylko czêœæ ¿¹dania ReadProcessMemory lub WriteProcessMemory. (0x12B)
[1230/120555.403:ERROR:process_memory_win.cc(73)] ReadMemory at 0xa999dfd000 of 12288 bytes failed: Ukoñczono tylko czêœæ ¿¹dania ReadProcessMemory lub WriteProcessMemory. (0x12B)
[1230/120555.403:ERROR:process_memory_win.cc(73)] ReadMemory at 0xa992556000 of 852 bytes failed: Ukoñczono tylko czêœæ ¿¹dania ReadProcessMemory lub WriteProcessMemory. (0x12B)
[1230/120555.403:ERROR:process_memory_win.cc(73)] ReadMemory at 0xa992557000 of 6024 bytes failed: Ukoñczono tylko czêœæ ¿¹dania ReadProcessMemory lub WriteProcessMemory. (0x12B)
[1230/120555.403:ERROR:process_memory_win.cc(73)] ReadMemory at 0xa992559000 of 6024 bytes failed: Ukoñczono tylko czêœæ ¿¹dania ReadProcessMemory lub WriteProcessMemory. (0x12B)
[1230/120555.403:ERROR:process_memory_win.cc(73)] ReadMemory at 0xa99255b000 of 6024 bytes failed: Ukoñczono tylko czêœæ ¿¹dania ReadProcessMemory lub WriteProcessMemory. (0x12B)
[1230/120555.404:ERROR:process_memory_win.cc(73)] ReadMemory at 0xa99255d000 of 6024 bytes failed: Ukoñczono tylko czêœæ ¿¹dania ReadProcessMemory lub WriteProcessMemory. (0x12B)
[1230/120555.404:ERROR:process_memory_win.cc(73)] ReadMemory at 0xa99255f000 of 6024 bytes failed: Ukoñczono tylko czêœæ ¿¹dania ReadProcessMemory lub WriteProcessMemory. (0x12B)
[1230/120555.404:ERROR:process_memory_win.cc(73)] ReadMemory at 0xa992561000 of 6024 bytes failed: Ukoñczono tylko czêœæ ¿¹dania ReadProcessMemory lub WriteProcessMemory. (0x12B)
[1230/120555.405:ERROR:process_memory_win.cc(73)] ReadMemory at 0xa992563000 of 6024 bytes failed: Ukoñczono tylko czêœæ ¿¹dania ReadProcessMemory lub WriteProcessMemory. (0x12B)
[1230/120555.405:ERROR:process_memory_win.cc(73)] ReadMemory at 0xa992565000 of 6024 bytes failed: Ukoñczono tylko czêœæ ¿¹dania ReadProcessMemory lub WriteProcessMemory. (0x12B)
[1230/120555.405:ERROR:process_memory_win.cc(73)] ReadMemory at 0xa992567000 of 6024 bytes failed: Ukoñczono tylko czêœæ ¿¹dania ReadProcessMemory lub WriteProcessMemory. (0x12B)
[1230/120555.405:ERROR:process_memory_win.cc(73)] ReadMemory at 0xa992569000 of 6024 bytes failed: Ukoñczono tylko czêœæ ¿¹dania ReadProcessMemory lub WriteProcessMemory. (0x12B)
[1230/120555.405:ERROR:process_memory_win.cc(73)] ReadMemory at 0xa99256b000 of 6024 bytes failed: Ukoñczono tylko czêœæ ¿¹dania ReadProcessMemory lub WriteProcessMemory. (0x12B)
[1230/120555.405:ERROR:process_memory_win.cc(73)] ReadMemory at 0xa99256d000 of 6024 bytes failed: Ukoñczono tylko czêœæ ¿¹dania ReadProcessMemory lub WriteProcessMemory. (0x12B)
[1230/120555.405:ERROR:process_memory_win.cc(73)] ReadMemory at 0xa99256f000 of 6024 bytes failed: Ukoñczono tylko czêœæ ¿¹dania ReadProcessMemory lub WriteProcessMemory. (0x12B)
[1230/120555.405:ERROR:process_memory_win.cc(73)] ReadMemory at 0xa992571000 of 6024 bytes failed: Ukoñczono tylko czêœæ ¿¹dania ReadProcessMemory lub WriteProcessMemory. (0x12B)
[1230/120555.406:ERROR:process_memory_win.cc(73)] ReadMemory at 0xa992573000 of 6024 bytes failed: Ukoñczono tylko czêœæ ¿¹dania ReadProcessMemory lub WriteProcessMemory. (0x12B)
[1230/120555.406:ERROR:process_memory_win.cc(73)] ReadMemory at 0x240b3890fe0 of 4014 bytes failed: Ukoñczono tylko czêœæ ¿¹dania ReadProcessMemory lub WriteProcessMemory. (0x12B)
[1230/120555.406:ERROR:process_memory_win.cc(73)] ReadMemory at 0x240b3891fa0 of 1012 bytes failed: Ukoñczono tylko czêœæ ¿¹dania ReadProcessMemory lub WriteProcessMemory. (0x12B)
[1230/120555.406:ERROR:process_memory_win.cc(73)] ReadMemory at 0x240b38925c8 of 118 bytes failed: Ukoñczono tylko czêœæ ¿¹dania ReadProcessMemory lub WriteProcessMemory. (0x12B)
[1230/120555.406:ERROR:process_memory_win.cc(73)] ReadMemory at 0x240b3892640 of 1450 bytes failed: Ukoñczono tylko czêœæ ¿¹dania ReadProcessMemory lub WriteProcessMemory. (0x12B)
[1230/120555.406:ERROR:process_memory_win.cc(73)] ReadMemory at 0x240b3892bec of 118 bytes failed: Ukoñczono tylko czêœæ ¿¹dania ReadProcessMemory lub WriteProcessMemory. (0x12B)
[1230/120555.406:ERROR:process_memory_win.cc(73)] ReadMemory at 0x240b3892c64 of 100 bytes failed: Ukoñczono tylko czêœæ ¿¹dania ReadProcessMemory lub WriteProcessMemory. (0x12B)
[1230/120555.406:ERROR:process_memory_win.cc(73)] ReadMemory at 0x240b3892ce0 of 58 bytes failed: Ukoñczono tylko czêœæ ¿¹dania ReadProcessMemory lub WriteProcessMemory. (0x12B)
[1230/120555.406:ERROR:process_memory_win.cc(73)] ReadMemory at 0x240b3892de0 of 132 bytes failed: Ukoñczono tylko czêœæ ¿¹dania ReadProcessMemory lub WriteProcessMemory. (0x12B)
[1230/120555.407:ERROR:process_memory_win.cc(73)] ReadMemory at 0x240b3892f70 of 132 bytes failed: Ukoñczono tylko czêœæ ¿¹dania ReadProcessMemory lub WriteProcessMemory. (0x12B)
[1230/120555.407:ERROR:process_memory_win.cc(73)] ReadMemory at 0x240b3893130 of 124 bytes failed: Ukoñczono tylko czêœæ ¿¹dania ReadProcessMemory lub WriteProcessMemory. (0x12B)
[1230/120555.407:ERROR:process_memory_win.cc(73)] ReadMemory at 0x240b3893510 of 132 bytes failed: Ukoñczono tylko czêœæ ¿¹dania ReadProcessMemory lub WriteProcessMemory. (0x12B)
[1230/120555.407:ERROR:process_memory_win.cc(73)] ReadMemory at 0x240b38936a0 of 64 bytes failed: Ukoñczono tylko czêœæ ¿¹dania ReadProcessMemory lub WriteProcessMemory. (0x12B)
[1230/120555.407:ERROR:process_memory_win.cc(73)] ReadMemory at 0x240b38936f0 of 132 bytes failed: Ukoñczono tylko czêœæ ¿¹dania ReadProcessMemory lub WriteProcessMemory. (0x12B)
[1230/120555.407:ERROR:process_memory_win.cc(73)] ReadMemory at 0x240b3893860 of 132 bytes failed: Ukoñczono tylko czêœæ ¿¹dania ReadProcessMemory lub WriteProcessMemory. (0x12B)
[1230/120555.407:ERROR:process_memory_win.cc(73)] ReadMemory at 0x240b3893b00 of 132 bytes failed: Ukoñczono tylko czêœæ ¿¹dania ReadProcessMemory lub WriteProcessMemory. (0x12B)
[1230/120555.407:ERROR:process_memory_win.cc(73)] ReadMemory at 0x240b3893c90 of 68 bytes failed: Ukoñczono tylko czêœæ ¿¹dania ReadProcessMemory lub WriteProcessMemory. (0x12B)
[1230/120555.407:ERROR:process_memory_win.cc(73)] ReadMemory at 0x240b3894cc0 of 156 bytes failed: Ukoñczono tylko czêœæ ¿¹dania ReadProcessMemory lub WriteProcessMemory. (0x12B)
[1230/120555.407:ERROR:process_memory_win.cc(73)] ReadMemory at 0x240b3894da0 of 132 bytes failed: Ukoñczono tylko czêœæ ¿¹dania ReadProcessMemory lub WriteProcessMemory. (0x12B)
[1230/120555.407:ERROR:process_memory_win.cc(73)] ReadMemory at 0x240b3894f30 of 152 bytes failed: Ukoñczono tylko czêœæ ¿¹dania ReadProcessMemory lub WriteProcessMemory. (0x12B)
[1230/120555.408:ERROR:process_memory_win.cc(73)] ReadMemory at 0x240b3895a60 of 132 bytes failed: Ukoñczono tylko czêœæ ¿¹dania ReadProcessMemory lub WriteProcessMemory. (0x12B)
[1230/120555.408:ERROR:process_memory_win.cc(73)] ReadMemory at 0x240b3895d40 of 62 bytes failed: Ukoñczono tylko czêœæ ¿¹dania ReadProcessMemory lub WriteProcessMemory. (0x12B)
[1230/120555.408:ERROR:process_memory_win.cc(73)] ReadMemory at 0x240b3895ea0 of 132 bytes failed: Ukoñczono tylko czêœæ ¿¹dania ReadProcessMemory lub WriteProcessMemory. (0x12B)
[1230/120555.408:ERROR:process_memory_win.cc(73)] ReadMemory at 0x240b38964c0 of 60 bytes failed: Ukoñczono tylko czêœæ ¿¹dania ReadProcessMemory lub WriteProcessMemory. (0x12B)
[1230/120555.408:ERROR:process_memory_win.cc(73)] ReadMemory at 0x240b38972da of 512 bytes failed: Ukoñczono tylko czêœæ ¿¹dania ReadProcessMemory lub WriteProcessMemory. (0x12B)
[1230/120555.408:ERROR:process_memory_win.cc(73)] ReadMemory at 0x240b3897f00 of 132 bytes failed: Ukoñczono tylko czêœæ ¿¹dania ReadProcessMemory lub WriteProcessMemory. (0x12B)
[1230/120555.408:ERROR:process_memory_win.cc(73)] ReadMemory at 0x240b389a610 of 132 bytes failed: Ukoñczono tylko czêœæ ¿¹dania ReadProcessMemory lub WriteProcessMemory. (0x12B)
[1230/120555.408:ERROR:process_memory_win.cc(73)] ReadMemory at 0x240b389a7a0 of 80 bytes failed: Ukoñczono tylko czêœæ ¿¹dania ReadProcessMemory lub WriteProcessMemory. (0x12B)
[1230/120555.408:ERROR:process_memory_win.cc(73)] ReadMemory at 0x240b389a9e0 of 60 bytes failed: Ukoñczono tylko czêœæ ¿¹dania ReadProcessMemory lub WriteProcessMemory. (0x12B)
[1230/120555.408:ERROR:process_memory_win.cc(73)] ReadMemory at 0x240b389aa80 of 62 bytes failed: Ukoñczono tylko czêœæ ¿¹dania ReadProcessMemory lub WriteProcessMemory. (0x12B)
[1230/120555.408:ERROR:process_memory_win.cc(73)] ReadMemory at 0x240b389aad0 of 64 bytes failed: Ukoñczono tylko czêœæ ¿¹dania ReadProcessMemory lub WriteProcessMemory. (0x12B)
[1230/120555.409:ERROR:process_memory_win.cc(73)] ReadMemory at 0x240b389ab20 of 64 bytes failed: Ukoñczono tylko czêœæ ¿¹dania ReadProcessMemory lub WriteProcessMemory. (0x12B)
[1230/120555.409:ERROR:process_memory_win.cc(73)] ReadMemory at 0x240b389abc0 of 66 bytes failed: Ukoñczono tylko czêœæ ¿¹dania ReadProcessMemory lub WriteProcessMemory. (0x12B)
[1230/120555.409:ERROR:process_memory_win.cc(73)] ReadMemory at 0x240b389ada0 of 60 bytes failed: Ukoñczono tylko czêœæ ¿¹dania ReadProcessMemory lub WriteProcessMemory. (0x12B)
[1230/120555.409:ERROR:process_memory_win.cc(73)] ReadMemory at 0x240b389aee0 of 64 bytes failed: Ukoñczono tylko czêœæ ¿¹dania ReadProcessMemory lub WriteProcessMemory. (0x12B)
[1230/120555.409:ERROR:process_memory_win.cc(73)] ReadMemory at 0x240b389afd0 of 62 bytes failed: Ukoñczono tylko czêœæ ¿¹dania ReadProcessMemory lub WriteProcessMemory. (0x12B)
[1230/120555.409:ERROR:process_memory_win.cc(73)] ReadMemory at 0x240b389b020 of 64 bytes failed: Ukoñczono tylko czêœæ ¿¹dania ReadProcessMemory lub WriteProcessMemory. (0x12B)
[1230/120555.409:ERROR:process_memory_win.cc(73)] ReadMemory at 0x240b389b6d0 of 78 bytes failed: Ukoñczono tylko czêœæ ¿¹dania ReadProcessMemory lub WriteProcessMemory. (0x12B)
[1230/120555.410:ERROR:process_memory_win.cc(73)] ReadMemory at 0x240b389b8b0 of 76 bytes failed: Ukoñczono tylko czêœæ ¿¹dania ReadProcessMemory lub WriteProcessMemory. (0x12B)
[1230/120555.410:ERROR:process_memory_win.cc(73)] ReadMemory at 0x240b389d890 of 132 bytes failed: Ukoñczono tylko czêœæ ¿¹dania ReadProcessMemory lub WriteProcessMemory. (0x12B)
[1230/120555.410:ERROR:process_memory_win.cc(73)] ReadMemory at 0x240b389e940 of 54 bytes failed: Ukoñczono tylko czêœæ ¿¹dania ReadProcessMemory lub WriteProcessMemory. (0x12B)
[1230/120555.410:ERROR:process_memory_win.cc(73)] ReadMemory at 0x240b389f9e0 of 132 bytes failed: Ukoñczono tylko czêœæ ¿¹dania ReadProcessMemory lub WriteProcessMemory. (0x12B)
[1230/120555.410:ERROR:process_memory_win.cc(73)] ReadMemory at 0x240b389fc50 of 132 bytes failed: Ukoñczono tylko czêœæ ¿¹dania ReadProcessMemory lub WriteProcessMemory. (0x12B)
[1230/120555.410:ERROR:process_memory_win.cc(73)] ReadMemory at 0x240b389fd80 of 132 bytes failed: Ukoñczono tylko czêœæ ¿¹dania ReadProcessMemory lub WriteProcessMemory. (0x12B)
[1230/120555.410:ERROR:process_memory_win.cc(73)] ReadMemory at 0x240b38a2150 of 132 bytes failed: Ukoñczono tylko czêœæ ¿¹dania ReadProcessMemory lub WriteProcessMemory. (0x12B)
[1230/120555.410:ERROR:process_memory_win.cc(73)] ReadMemory at 0x240b38a2500 of 132 bytes failed: Ukoñczono tylko czêœæ ¿¹dania ReadProcessMemory lub WriteProcessMemory. (0x12B)
[1230/120555.411:ERROR:process_memory_win.cc(73)] ReadMemory at 0x240b38a27b0 of 512 bytes failed: Ukoñczono tylko czêœæ ¿¹dania ReadProcessMemory lub WriteProcessMemory. (0x12B)
[1230/120555.411:ERROR:process_memory_win.cc(73)] ReadMemory at 0x240b38a4cb0 of 132 bytes failed: Ukoñczono tylko czêœæ ¿¹dania ReadProcessMemory lub WriteProcessMemory. (0x12B)
[1230/120555.411:ERROR:process_memory_win.cc(73)] ReadMemory at 0x240b38a4de0 of 132 bytes failed: Ukoñczono tylko czêœæ ¿¹dania ReadProcessMemory lub WriteProcessMemory. (0x12B)
[1230/120555.411:ERROR:process_memory_win.cc(73)] ReadMemory at 0x240b38a4f10 of 132 bytes failed: Ukoñczono tylko czêœæ ¿¹dania ReadProcessMemory lub WriteProcessMemory. (0x12B)
[1230/120555.411:ERROR:process_memory_win.cc(73)] ReadMemory at 0x240b38a5040 of 132 bytes failed: Ukoñczono tylko czêœæ ¿¹dania ReadProcessMemory lub WriteProcessMemory. (0x12B)
[1230/120555.411:ERROR:process_memory_win.cc(73)] ReadMemory at 0x240b38a5170 of 132 bytes failed: Ukoñczono tylko czêœæ ¿¹dania ReadProcessMemory lub WriteProcessMemory. (0x12B)
[1230/120555.412:ERROR:process_memory_win.cc(73)] ReadMemory at 0x240b38a52a0 of 132 bytes failed: Ukoñczono tylko czêœæ ¿¹dania ReadProcessMemory lub WriteProcessMemory. (0x12B)
[1230/120555.412:ERROR:process_memory_win.cc(73)] ReadMemory at 0x240b38a53d0 of 132 bytes failed: Ukoñczono tylko czêœæ ¿¹dania ReadProcessMemory lub WriteProcessMemory. (0x12B)
[1230/120555.412:ERROR:process_memory_win.cc(73)] ReadMemory at 0x240b38a5500 of 132 bytes failed: Ukoñczono tylko czêœæ ¿¹dania ReadProcessMemory lub WriteProcessMemory. (0x12B)
[1230/120555.412:ERROR:process_memory_win.cc(73)] ReadMemory at 0x240b38a5630 of 132 bytes failed: Ukoñczono tylko czêœæ ¿¹dania ReadProcessMemory lub WriteProcessMemory. (0x12B)
[1230/120555.412:ERROR:process_memory_win.cc(73)] ReadMemory at 0x240b38a5890 of 132 bytes failed: Ukoñczono tylko czêœæ ¿¹dania ReadProcessMemory lub WriteProcessMemory. (0x12B)
[1230/120555.412:ERROR:process_memory_win.cc(73)] ReadMemory at 0x240b38a59c0 of 132 bytes failed: Ukoñczono tylko czêœæ ¿¹dania ReadProcessMemory lub WriteProcessMemory. (0x12B)
[1230/120555.412:ERROR:process_memory_win.cc(73)] ReadMemory at 0x240b38a5af0 of 132 bytes failed: Ukoñczono tylko czêœæ ¿¹dania ReadProcessMemory lub WriteProcessMemory. (0x12B)
[1230/120555.413:ERROR:process_memory_win.cc(73)] ReadMemory at 0x240b38a5e40 of 62 bytes failed: Ukoñczono tylko czêœæ ¿¹dania ReadProcessMemory lub WriteProcessMemory. (0x12B)
[1230/120555.413:ERROR:process_memory_win.cc(73)] ReadMemory at 0x240b38a5e90 of 60 bytes failed: Ukoñczono tylko czêœæ ¿¹dania ReadProcessMemory lub WriteProcessMemory. (0x12B)
[1230/120555.413:ERROR:process_memory_win.cc(73)] ReadMemory at 0x240b38a62a0 of 58 bytes failed: Ukoñczono tylko czêœæ ¿¹dania ReadProcessMemory lub WriteProcessMemory. (0x12B)
[1230/120555.413:ERROR:process_memory_win.cc(73)] ReadMemory at 0x240b38a62f0 of 66 bytes failed: Ukoñczono tylko czêœæ ¿¹dania ReadProcessMemory lub WriteProcessMemory. (0x12B)
[1230/120555.413:ERROR:process_memory_win.cc(73)] ReadMemory at 0x240b38a6390 of 64 bytes failed: Ukoñczono tylko czêœæ ¿¹dania ReadProcessMemory lub WriteProcessMemory. (0x12B)
[1230/120555.413:ERROR:process_memory_win.cc(73)] ReadMemory at 0x240b38a6430 of 60 bytes failed: Ukoñczono tylko czêœæ ¿¹dania ReadProcessMemory lub WriteProcessMemory. (0x12B)
[1230/120555.413:ERROR:process_memory_win.cc(73)] ReadMemory at 0x240b38a6520 of 60 bytes failed: Ukoñczono tylko czêœæ ¿¹dania ReadProcessMemory lub WriteProcessMemory. (0x12B)
[1230/120555.413:ERROR:process_memory_win.cc(73)] ReadMemory at 0x240b38a6660 of 62 bytes failed: Ukoñczono tylko czêœæ ¿¹dania ReadProcessMemory lub WriteProcessMemory. (0x12B)
[1230/120555.414:ERROR:process_memory_win.cc(73)] ReadMemory at 0x240b38a66b0 of 64 bytes failed: Ukoñczono tylko czêœæ ¿¹dania ReadProcessMemory lub WriteProcessMemory. (0x12B)
[1230/120555.414:ERROR:process_memory_win.cc(73)] ReadMemory at 0x240b38a6700 of 64 bytes failed: Ukoñczono tylko czêœæ ¿¹dania ReadProcessMemory lub WriteProcessMemory. (0x12B)
[1230/120555.414:ERROR:process_memory_win.cc(73)] ReadMemory at 0x240b38a67f0 of 60 bytes failed: Ukoñczono tylko czêœæ ¿¹dania ReadProcessMemory lub WriteProcessMemory. (0x12B)
[1230/120555.414:ERROR:process_memory_win.cc(73)] ReadMemory at 0x240b38a6890 of 62 bytes failed: Ukoñczono tylko czêœæ ¿¹dania ReadProcessMemory lub WriteProcessMemory. (0x12B)
[1230/120555.414:ERROR:process_memory_win.cc(73)] ReadMemory at 0x240b38a6930 of 64 bytes failed: Ukoñczono tylko czêœæ ¿¹dania ReadProcessMemory lub WriteProcessMemory. (0x12B)
[1230/120555.414:ERROR:process_memory_win.cc(73)] ReadMemory at 0x240b38a69d0 of 62 bytes failed: Ukoñczono tylko czêœæ ¿¹dania ReadProcessMemory lub WriteProcessMemory. (0x12B)
[1230/120555.414:ERROR:process_memory_win.cc(73)] ReadMemory at 0x240b38a6a70 of 62 bytes failed: Ukoñczono tylko czêœæ ¿¹dania ReadProcessMemory lub WriteProcessMemory. (0x12B)
[1230/120555.414:ERROR:process_memory_win.cc(73)] ReadMemory at 0x240b38a6bb0 of 62 bytes failed: Ukoñczono tylko czêœæ ¿¹dania ReadProcessMemory lub WriteProcessMemory. (0x12B)
[1230/120555.414:ERROR:process_memory_win.cc(73)] ReadMemory at 0x240b38a6c00 of 62 bytes failed: Ukoñczono tylko czêœæ ¿¹dania ReadProcessMemory lub WriteProcessMemory. (0x12B)
[1230/120555.414:ERROR:process_memory_win.cc(73)] ReadMemory at 0x240b38a6c50 of 62 bytes failed: Ukoñczono tylko czêœæ ¿¹dania ReadProcessMemory lub WriteProcessMemory. (0x12B)
[1230/120555.414:ERROR:process_memory_win.cc(73)] ReadMemory at 0x240b38a7260 of 132 bytes failed: Ukoñczono tylko czêœæ ¿¹dania ReadProcessMemory lub WriteProcessMemory. (0x12B)
[1230/120555.415:ERROR:process_memory_win.cc(73)] ReadMemory at 0x240b38a7390 of 132 bytes failed: Ukoñczono tylko czêœæ ¿¹dania ReadProcessMemory lub WriteProcessMemory. (0x12B)
[1230/120555.415:ERROR:process_memory_win.cc(73)] ReadMemory at 0x240b38a74c0 of 132 bytes failed: Ukoñczono tylko czêœæ ¿¹dania ReadProcessMemory lub WriteProcessMemory. (0x12B)
[1230/120555.415:ERROR:process_memory_win.cc(73)] ReadMemory at 0x240b38a7720 of 132 bytes failed: Ukoñczono tylko czêœæ ¿¹dania ReadProcessMemory lub WriteProcessMemory. (0x12B)
[1230/120555.415:ERROR:process_memory_win.cc(73)] ReadMemory at 0x240b38a7850 of 132 bytes failed: Ukoñczono tylko czêœæ ¿¹dania ReadProcessMemory lub WriteProcessMemory. (0x12B)
[1230/120555.415:ERROR:process_memory_win.cc(73)] ReadMemory at 0x240b38a7980 of 132 bytes failed: Ukoñczono tylko czêœæ ¿¹dania ReadProcessMemory lub WriteProcessMemory. (0x12B)
[1230/120555.415:ERROR:process_memory_win.cc(73)] ReadMemory at 0x240b38a7ab0 of 132 bytes failed: Ukoñczono tylko czêœæ ¿¹dania ReadProcessMemory lub WriteProcessMemory. (0x12B)
[1230/120555.415:ERROR:process_memory_win.cc(73)] ReadMemory at 0x240b38a7be0 of 132 bytes failed: Ukoñczono tylko czêœæ ¿¹dania ReadProcessMemory lub WriteProcessMemory. (0x12B)
[1230/120555.415:ERROR:process_memory_win.cc(73)] ReadMemory at 0x240b38a7f70 of 132 bytes failed: Ukoñczono tylko czêœæ ¿¹dania ReadProcessMemory lub WriteProcessMemory. (0x12B)
[1230/120555.415:ERROR:process_memory_win.cc(73)] ReadMemory at 0x240b38a80a0 of 132 bytes failed: Ukoñczono tylko czêœæ ¿¹dania ReadProcessMemory lub WriteProcessMemory. (0x12B)
[1230/120555.415:ERROR:process_memory_win.cc(73)] ReadMemory at 0x240b38a8430 of 132 bytes failed: Ukoñczono tylko czêœæ ¿¹dania ReadProcessMemory lub WriteProcessMemory. (0x12B)
[1230/120555.415:ERROR:process_memory_win.cc(73)] ReadMemory at 0x240b38a8560 of 132 bytes failed: Ukoñczono tylko czêœæ ¿¹dania ReadProcessMemory lub WriteProcessMemory. (0x12B)
[1230/120555.416:ERROR:process_memory_win.cc(73)] ReadMemory at 0x240b38a8690 of 132 bytes failed: Ukoñczono tylko czêœæ ¿¹dania ReadProcessMemory lub WriteProcessMemory. (0x12B)
[1230/120555.416:ERROR:process_memory_win.cc(73)] ReadMemory at 0x240b38a87c0 of 132 bytes failed: Ukoñczono tylko czêœæ ¿¹dania ReadProcessMemory lub WriteProcessMemory. (0x12B)
[1230/120555.416:ERROR:process_memory_win.cc(73)] ReadMemory at 0x240b38a88f0 of 132 bytes failed: Ukoñczono tylko czêœæ ¿¹dania ReadProcessMemory lub WriteProcessMemory. (0x12B)
[1230/120555.416:ERROR:process_memory_win.cc(73)] ReadMemory at 0x240b38a8b50 of 132 bytes failed: Ukoñczono tylko czêœæ ¿¹dania ReadProcessMemory lub WriteProcessMemory. (0x12B)
[1230/120555.416:ERROR:process_memory_win.cc(73)] ReadMemory at 0x240b38a8db0 of 132 bytes failed: Ukoñczono tylko czêœæ ¿¹dania ReadProcessMemory lub WriteProcessMemory. (0x12B)
[1230/120555.416:ERROR:process_memory_win.cc(73)] ReadMemory at 0x240b38a8ee0 of 132 bytes failed: Ukoñczono tylko czêœæ ¿¹dania ReadProcessMemory lub WriteProcessMemory. (0x12B)
[1230/120555.416:ERROR:process_memory_win.cc(73)] ReadMemory at 0x240b38a9010 of 132 bytes failed: Ukoñczono tylko czêœæ ¿¹dania ReadProcessMemory lub WriteProcessMemory. (0x12B)
[1230/120555.416:ERROR:process_memory_win.cc(73)] ReadMemory at 0x240b38b2fa0 of 62 bytes failed: Ukoñczono tylko czêœæ ¿¹dania ReadProcessMemory lub WriteProcessMemory. (0x12B)
[1230/120555.416:ERROR:process_memory_win.cc(73)] ReadMemory at 0x240b38b3040 of 58 bytes failed: Ukoñczono tylko czêœæ ¿¹dania ReadProcessMemory lub WriteProcessMemory. (0x12B)
[1230/120555.416:ERROR:process_memory_win.cc(73)] ReadMemory at 0x240b38b3270 of 58 bytes failed: Ukoñczono tylko czêœæ ¿¹dania ReadProcessMemory lub WriteProcessMemory. (0x12B)
[1230/120555.416:ERROR:process_memory_win.cc(73)] ReadMemory at 0x240b38b34f0 of 60 bytes failed: Ukoñczono tylko czêœæ ¿¹dania ReadProcessMemory lub WriteProcessMemory. (0x12B)
[1230/120555.417:ERROR:process_memory_win.cc(73)] ReadMemory at 0x240b38b3540 of 60 bytes failed: Ukoñczono tylko czêœæ ¿¹dania ReadProcessMemory lub WriteProcessMemory. (0x12B)
[1230/120555.417:ERROR:process_memory_win.cc(73)] ReadMemory at 0x240b38b3680 of 62 bytes failed: Ukoñczono tylko czêœæ ¿¹dania ReadProcessMemory lub WriteProcessMemory. (0x12B)
[1230/120555.417:ERROR:process_memory_win.cc(73)] ReadMemory at 0x240b38b36d0 of 64 bytes failed: Ukoñczono tylko czêœæ ¿¹dania ReadProcessMemory lub WriteProcessMemory. (0x12B)
[1230/120555.417:ERROR:process_memory_win.cc(73)] ReadMemory at 0x240b38b38b0 of 62 bytes failed: Ukoñczono tylko czêœæ ¿¹dania ReadProcessMemory lub WriteProcessMemory. (0x12B)
[1230/120555.417:ERROR:process_memory_win.cc(73)] ReadMemory at 0x240b38b3b80 of 66 bytes failed: Ukoñczono tylko czêœæ ¿¹dania ReadProcessMemory lub WriteProcessMemory. (0x12B)
[1230/120555.417:ERROR:process_memory_win.cc(73)] ReadMemory at 0x240b38c6560 of 512 bytes failed: Ukoñczono tylko czêœæ ¿¹dania ReadProcessMemory lub WriteProcessMemory. (0x12B)
[1230/120555.417:ERROR:process_memory_win.cc(73)] ReadMemory at 0x240b3b44490 of 512 bytes failed: Ukoñczono tylko czêœæ ¿¹dania ReadProcessMemory lub WriteProcessMemory. (0x12B)
[1230/120555.418:ERROR:process_memory_win.cc(73)] ReadMemory at 0x240b3b44df0 of 512 bytes failed: Ukoñczono tylko czêœæ ¿¹dania ReadProcessMemory lub WriteProcessMemory. (0x12B)
[1230/120555.418:ERROR:process_memory_win.cc(73)] ReadMemory at 0x240b3b4d040 of 512 bytes failed: Ukoñczono tylko czêœæ ¿¹dania ReadProcessMemory lub WriteProcessMemory. (0x12B)
[1230/120555.418:ERROR:process_memory_win.cc(73)] ReadMemory at 0x240b3b50730 of 512 bytes failed: Ukoñczono tylko czêœæ ¿¹dania ReadProcessMemory lub WriteProcessMemory. (0x12B)
[1230/120555.418:ERROR:process_memory_win.cc(73)] ReadMemory at 0x240b3b5b718 of 512 bytes failed: Ukoñczono tylko czêœæ ¿¹dania ReadProcessMemory lub WriteProcessMemory. (0x12B)
[1230/120555.418:ERROR:process_memory_win.cc(73)] ReadMemory at 0x240b3b5dbc0 of 712 bytes failed: Ukoñczono tylko czêœæ ¿¹dania ReadProcessMemory lub WriteProcessMemory. (0x12B)
[1230/120555.418:ERROR:process_memory_win.cc(73)] ReadMemory at 0x240b3b67498 of 512 bytes failed: Ukoñczono tylko czêœæ ¿¹dania ReadProcessMemory lub WriteProcessMemory. (0x12B)
[1230/120555.418:ERROR:process_memory_win.cc(73)] ReadMemory at 0x240b3c187e0 of 512 bytes failed: Ukoñczono tylko czêœæ ¿¹dania ReadProcessMemory lub WriteProcessMemory. (0x12B)
[1230/120555.418:ERROR:process_memory_win.cc(73)] ReadMemory at 0x240b5c2ed90 of 512 bytes failed: Ukoñczono tylko czêœæ ¿¹dania ReadProcessMemory lub WriteProcessMemory. (0x12B)
[1230/120555.418:ERROR:process_memory_win.cc(73)] ReadMemory at 0x240b5c358d8 of 656 bytes failed: Ukoñczono tylko czêœæ ¿¹dania ReadProcessMemory lub WriteProcessMemory. (0x12B)
[1230/120555.419:ERROR:process_memory_win.cc(73)] ReadMemory at 0x240b5c39f70 of 512 bytes failed: Ukoñczono tylko czêœæ ¿¹dania ReadProcessMemory lub WriteProcessMemory. (0x12B)
[1230/120555.419:ERROR:process_memory_win.cc(73)] ReadMemory at 0x240b5c3bad0 of 512 bytes failed: Ukoñczono tylko czêœæ ¿¹dania ReadProcessMemory lub WriteProcessMemory. (0x12B)
[1230/120555.419:ERROR:process_memory_win.cc(73)] ReadMemory at 0x240b5c5a788 of 512 bytes failed: Ukoñczono tylko czêœæ ¿¹dania ReadProcessMemory lub WriteProcessMemory. (0x12B)
[1230/120555.419:ERROR:process_memory_win.cc(73)] ReadMemory at 0x240b5d2b660 of 512 bytes failed: Ukoñczono tylko czêœæ ¿¹dania ReadProcessMemory lub WriteProcessMemory. (0x12B)
[1230/120555.419:ERROR:process_memory_win.cc(73)] ReadMemory at 0x240b5d664b0 of 595 bytes failed: Ukoñczono tylko czêœæ ¿¹dania ReadProcessMemory lub WriteProcessMemory. (0x12B)
[1230/120555.419:ERROR:process_memory_win.cc(73)] ReadMemory at 0x53a653a484d0 of 512 bytes failed: Ukoñczono tylko czêœæ ¿¹dania ReadProcessMemory lub WriteProcessMemory. (0x12B)
[1230/120555.419:ERROR:process_memory_win.cc(73)] ReadMemory at 0x62b9c514c728 of 512 bytes failed: Ukoñczono tylko czêœæ ¿¹dania ReadProcessMemory lub WriteProcessMemory. (0x12B)
[1230/120555.419:ERROR:process_memory_win.cc(73)] ReadMemory at 0x7ffc2732eeac of 512 bytes failed: Ukoñczono tylko czêœæ ¿¹dania ReadProcessMemory lub WriteProcessMemory. (0x12B)
[1230/120555.419:ERROR:process_memory_win.cc(73)] ReadMemory at 0x7ffc2811ecc1 of 512 bytes failed: Ukoñczono tylko czêœæ ¿¹dania ReadProcessMemory lub WriteProcessMemory. (0x12B)
[1230/120555.419:ERROR:process_memory_win.cc(73)] ReadMemory at 0x7ffc7125ff00 of 512 bytes failed: Ukoñczono tylko czêœæ ¿¹dania ReadProcessMemory lub WriteProcessMemory. (0x12B)
[1230/120555.419:ERROR:process_memory_win.cc(73)] ReadMemory at 0x7ffc712af764 of 672 bytes failed: Ukoñczono tylko czêœæ ¿¹dania ReadProcessMemory lub WriteProcessMemory. (0x12B)
[1230/120555.420:ERROR:process_memory_win.cc(73)] ReadMemory at 0x7ffc712afd64 of 512 bytes failed: Ukoñczono tylko czêœæ ¿¹dania ReadProcessMemory lub WriteProcessMemory. (0x12B)
[1230/120555.420:ERROR:process_memory_win.cc(73)] ReadMemory at 0x7ffc712b2ff4 of 608 bytes failed: Ukoñczono tylko czêœæ ¿¹dania ReadProcessMemory lub WriteProcessMemory. (0x12B)
[1230/120555.420:ERROR:process_memory_win.cc(73)] ReadMemory at 0x7ffc7133c0c8 of 18 bytes failed: Ukoñczono tylko czêœæ ¿¹dania ReadProcessMemory lub WriteProcessMemory. (0x12B)
[1230/120555.420:ERROR:process_memory_win.cc(73)] ReadMemory at 0x7ffc7136f4f8 of 40 bytes failed: Ukoñczono tylko czêœæ ¿¹dania ReadProcessMemory lub WriteProcessMemory. (0x12B)
[1230/120555.420:ERROR:process_memory_win.cc(73)] ReadMemory at 0x7ffc7136f978 of 48 bytes failed: Ukoñczono tylko czêœæ ¿¹dania ReadProcessMemory lub WriteProcessMemory. (0x12B)
[1230/120555.420:ERROR:process_memory_win.cc(73)] ReadMemory at 0x7ffc713753a0 of 64 bytes failed: Ukoñczono tylko czêœæ ¿¹dania ReadProcessMemory lub WriteProcessMemory. (0x12B)
[1230/120555.422:ERROR:scoped_process_suspend.cc(40)] NtResumeProcess: Podjêto próbê uzyskania dostêpu do procesu koñcz¹cego dzia³anie. (0xc000010a)
